  Building NVCC (Device) object Gpufit/examples/CMakeFiles/CUDA_Interface_Example.dir/Debug/CUDA_Interface_Example_generated_CUDA_Interface_Example.cu.obj
  CUDA_Interface_Example.cu
  CUDA_Interface_Example.cu
  Building Custom Rule C:/Users/will_/Dropbox/Kisley Lab/Gpufit/Source/Gpufit_source_20190624/Gpufit/examples/CMakeLists.txt
  CMake is re-running because C:/Users/will_/Dropbox/Kisley Lab/Gpufit/Builds/Gpufit_build-64_20190709/Gpufit/examples/CMakeFiles/generate.stamp is out-of-date.
    the file 'C:/Users/will_/Dropbox/Kisley Lab/Gpufit/Builds/Gpufit_build-64_20190709/Gpufit/examples/CMakeFiles/CUDA_Interface_Example.dir/CUDA_Interface_Example_generated_CUDA_Interface_Example.cu.obj.depend'
    is newer than 'C:/Users/will_/Dropbox/Kisley Lab/Gpufit/Builds/Gpufit_build-64_20190709/Gpufit/examples/CMakeFiles/generate.stamp.depend'
    result='-1'
  -- Selecting Windows SDK version 10.0.17763.0 to target Windows 10.0.18362.
  -- Could NOT find Boost (missing: Boost_INCLUDE_DIR) (Required is at least version "1.58.0")
  CMake Warning at CMakeLists.txt:86 (message):
    Boost NOT found - skipping tests! (set BOOST_ROOT manually)
  
  
  -- Could NOT find LATEX (missing: LATEX_COMPILER PDFLATEX) 
  CMake Warning at CMakeLists.txt:132 (message):
    PDFLatex NOT found - cannot convert documentation to PDF!
  
  
  -- CUDA_ARCHITECTURES=3.0;3.5;5.0;5.2;3.2;3.7;5.3;6.0;6.1;6.2;7.0+PTX
  -- CUDA_NVCC_FLAGS=-gencode;arch=compute_30,code=sm_30;-gencode;arch=compute_35,code=sm_35;-gencode;arch=compute_50,code=sm_50;-gencode;arch=compute_52,code=sm_52;-gencode;arch=compute_32,code=sm_32;-gencode;arch=compute_37,code=sm_37;-gencode;arch=compute_53,code=sm_53;-gencode;arch=compute_60,code=sm_60;-gencode;arch=compute_61,code=sm_61;-gencode;arch=compute_62,code=sm_62;-gencode;arch=compute_70,code=sm_70;-gencode;arch=compute_70,code=compute_70
  -- Could NOT find Java (missing: Java_JAVA_EXECUTABLE Java_JAVAC_EXECUTABLE Java_JAR_EXECUTABLE Java_JAVADOC_EXECUTABLE Java_JAVAH_EXECUTABLE Development) (Required is at least version "1.8")
  JAVA JDK NOT found - skipping Gpufit Java binding!
  -- Configuring done
  -- Generating done
  -- Build files have been written to: C:/Users/will_/Dropbox/Kisley Lab/Gpufit/Builds/Gpufit_build-64_20190709
     Creating library C:/Users/will_/Dropbox/Kisley Lab/Gpufit/Builds/Gpufit_build-64_20190709/Gpufit/examples/Debug/CUDA_Interface_Example.lib and object C:/Users/will_/Dropbox/Kisley Lab/Gpufit/Builds/Gpufit_build-64_20190709/Gpufit/examples/Debug/CUDA_Interface_Example.exp
  CUDA_Interface_Example.vcxproj -> C:\Users\will_\Dropbox\Kisley Lab\Gpufit\Builds\Gpufit_build-64_20190709\Debug\CUDA_Interface_Example.exe
