f:\homework\physics\kisleylab\build\gpufit\cpufit\cpufit.dir\debug\vc142.pdb
f:\homework\physics\kisleylab\build\gpufit\cpufit\cpufit.dir\debug\interface.obj
f:\homework\physics\kisleylab\build\gpufit\cpufit\cpufit.dir\debug\lm_fit_cpp.obj
f:\homework\physics\kisleylab\build\gpufit\cpufit\cpufit.dir\debug\lm_fit.obj
f:\homework\physics\kisleylab\build\gpufit\cpufit\cpufit.dir\debug\info.obj
f:\homework\physics\kisleylab\build\gpufit\cpufit\cpufit.dir\debug\cpufit.obj
f:\homework\physics\kisleylab\build\gpufit\cpufit\debug\cpufit.lib
f:\homework\physics\kisleylab\build\gpufit\cpufit\debug\cpufit.exp
f:\homework\physics\kisleylab\build\gpufit\cpufit\cmakefiles\generate.stamp
f:\homework\physics\kisleylab\build\gpufit\debug\cpufit.ilk
f:\homework\physics\kisleylab\build\gpufit\debug\cpufit.dll
f:\homework\physics\kisleylab\build\gpufit\debug\cpufit.pdb
f:\homework\physics\kisleylab\build\gpufit\cpufit\cpufit.dir\debug\cpufit.tlog\cl.command.1.tlog
f:\homework\physics\kisleylab\build\gpufit\cpufit\cpufit.dir\debug\cpufit.tlog\cl.read.1.tlog
f:\homework\physics\kisleylab\build\gpufit\cpufit\cpufit.dir\debug\cpufit.tlog\cl.write.1.tlog
f:\homework\physics\kisleylab\build\gpufit\cpufit\cpufit.dir\debug\cpufit.tlog\cpufit.write.1u.tlog
f:\homework\physics\kisleylab\build\gpufit\cpufit\cpufit.dir\debug\cpufit.tlog\custombuild.command.1.tlog
f:\homework\physics\kisleylab\build\gpufit\cpufit\cpufit.dir\debug\cpufit.tlog\custombuild.read.1.tlog
f:\homework\physics\kisleylab\build\gpufit\cpufit\cpufit.dir\debug\cpufit.tlog\custombuild.write.1.tlog
f:\homework\physics\kisleylab\build\gpufit\cpufit\cpufit.dir\debug\cpufit.tlog\link.command.1.tlog
f:\homework\physics\kisleylab\build\gpufit\cpufit\cpufit.dir\debug\cpufit.tlog\link.read.1.tlog
f:\homework\physics\kisleylab\build\gpufit\cpufit\cpufit.dir\debug\cpufit.tlog\link.write.1.tlog
